2025-09-24 12:25:45,530 [Worker-5: Loading available Gradle versions] INFO  o.e.b.c.i.u.g.PublishedGradleVersions - Gradle version information cache is up-to-date. Trying to read.
2025-09-24 12:26:30,062 [Worker-1: Update Maven projects configuration] INFO  o.e.m.c.i.p.ProjectConfigurationManager - Update started
2025-09-24 12:26:32,529 [Worker-1: Update Maven projects configuration] INFO  o.e.m.c.i.l.LifecycleMappingFactory - Using org.eclipse.m2e.jdt.JarLifecycleMapping lifecycle mapping for MavenProject: br.edu.atitus:greeting-service:0.0.1-SNAPSHOT @ C:\Users\josim\OneDrive\Área de Trabalho\luci-atividade\microservices-java\greeting-service\pom.xml.
2025-09-24 12:26:35,073 [Worker-10: Building] INFO  o.e.m.c.i.l.LifecycleMappingFactory - Using org.eclipse.m2e.jdt.JarLifecycleMapping lifecycle mapping for MavenProject: br.edu.atitus:config-service:0.0.1-SNAPSHOT @ C:\Users\josim\OneDrive\Área de Trabalho\luci-atividade\microservices-java\config-service\pom.xml.
2025-09-24 12:26:36,530 [Worker-10: Building] INFO  o.a.m.s.f.DefaultMavenResourcesFiltering - Copying 1 resource from src\main\resources to target\classes
2025-09-24 12:26:36,548 [Worker-10: Building] INFO  o.a.m.s.f.DefaultMavenResourcesFiltering - Copying 0 resource from src\main\resources to target\classes
2025-09-24 12:26:36,556 [Worker-10: Building] INFO  o.a.m.s.f.DefaultMavenResourcesFiltering - skip non existing resourceDirectory C:\Users\josim\OneDrive\Área de Trabalho\luci-atividade\microservices-java\config-service\src\test\resources
2025-09-24 12:26:36,709 [Worker-1: Update Maven projects configuration] INFO  o.e.m.j.i.AbstractJavaProjectConfigurator - Adding source folder /greeting-service/src/main/java
2025-09-24 12:26:36,712 [Worker-1: Update Maven projects configuration] INFO  o.e.m.j.i.AbstractJavaProjectConfigurator - Adding resource folder /greeting-service/src/main/resources
2025-09-24 12:26:36,725 [Worker-1: Update Maven projects configuration] INFO  o.e.m.j.i.AbstractJavaProjectConfigurator - Adding resource folder /greeting-service/src/main/resources
2025-09-24 12:26:36,727 [Worker-1: Update Maven projects configuration] INFO  o.e.m.j.i.AbstractJavaProjectConfigurator - Adding source folder /greeting-service/src/test/java
2025-09-24 12:26:36,729 [Worker-1: Update Maven projects configuration] INFO  o.e.m.j.i.AbstractJavaProjectConfigurator - Adding resource folder /greeting-service/src/test/resources
2025-09-24 12:26:38,029 [Worker-4: Building] INFO  o.e.m.c.i.l.LifecycleMappingFactory - Using org.eclipse.m2e.jdt.JarLifecycleMapping lifecycle mapping for MavenProject: br.edu.atitus:currency-service:0.0.1-SNAPSHOT @ C:\Users\josim\OneDrive\Área de Trabalho\luci-atividade\microservices-java\currency-service\pom.xml.
2025-09-24 12:26:38,997 [Worker-4: Building] INFO  o.a.m.s.f.DefaultMavenResourcesFiltering - Copying 1 resource from src\main\resources to target\classes
2025-09-24 12:26:39,019 [Worker-4: Building] INFO  o.a.m.s.f.DefaultMavenResourcesFiltering - Copying 2 resources from src\main\resources to target\classes
2025-09-24 12:26:39,034 [Worker-4: Building] INFO  o.a.m.s.f.DefaultMavenResourcesFiltering - skip non existing resourceDirectory C:\Users\josim\OneDrive\Área de Trabalho\luci-atividade\microservices-java\currency-service\src\test\resources
2025-09-24 12:26:40,488 [Worker-1: Update Maven projects configuration] INFO  o.e.m.c.i.p.ProjectConfigurationManager - Update completed for 1 poms: local refresh takes 0,00 sec, refresh facades takes 3,00 sec, update config takes 6,00 sec 
2025-09-24 12:26:40,492 [Worker-1: Update Maven projects configuration] INFO  o.e.m.c.i.p.ProjectConfigurationManager - Update started
2025-09-24 12:26:41,983 [Worker-1: Update Maven projects configuration] INFO  o.e.m.c.i.l.LifecycleMappingFactory - Using org.eclipse.m2e.jdt.JarLifecycleMapping lifecycle mapping for MavenProject: br.edu.atitus:currency-service:0.0.1-SNAPSHOT @ C:\Users\josim\OneDrive\Área de Trabalho\luci-atividade\microservices-java\currency-service\pom.xml.
2025-09-24 12:26:42,587 [Worker-1: Update Maven projects configuration] INFO  o.e.m.c.i.l.LifecycleMappingFactory - Using org.eclipse.m2e.jdt.JarLifecycleMapping lifecycle mapping for MavenProject: br.edu.atitus:greeting-service:0.0.1-SNAPSHOT @ C:\Users\josim\OneDrive\Área de Trabalho\luci-atividade\microservices-java\greeting-service\pom.xml.
2025-09-24 12:26:43,031 [Worker-1: Update Maven projects configuration] INFO  o.e.m.c.i.l.LifecycleMappingFactory - Using org.eclipse.m2e.jdt.JarLifecycleMapping lifecycle mapping for MavenProject: br.edu.atitus:config-service:0.0.1-SNAPSHOT @ C:\Users\josim\OneDrive\Área de Trabalho\luci-atividade\microservices-java\config-service\pom.xml.
2025-09-24 12:26:44,142 [Worker-1: Update Maven projects configuration] INFO  o.e.m.j.i.AbstractJavaProjectConfigurator - Adding source folder /currency-service/src/main/java
2025-09-24 12:26:44,143 [Worker-1: Update Maven projects configuration] INFO  o.e.m.j.i.AbstractJavaProjectConfigurator - Adding resource folder /currency-service/src/main/resources
2025-09-24 12:26:44,151 [Worker-1: Update Maven projects configuration] INFO  o.e.m.j.i.AbstractJavaProjectConfigurator - Adding resource folder /currency-service/src/main/resources
2025-09-24 12:26:44,152 [Worker-1: Update Maven projects configuration] INFO  o.e.m.j.i.AbstractJavaProjectConfigurator - Adding source folder /currency-service/src/test/java
2025-09-24 12:26:44,153 [Worker-1: Update Maven projects configuration] INFO  o.e.m.j.i.AbstractJavaProjectConfigurator - Adding resource folder /currency-service/src/test/resources
2025-09-24 12:26:45,620 [Worker-1: Update Maven projects configuration] INFO  o.e.m.j.i.AbstractJavaProjectConfigurator - Adding source folder /greeting-service/src/main/java
2025-09-24 12:26:45,621 [Worker-1: Update Maven projects configuration] INFO  o.e.m.j.i.AbstractJavaProjectConfigurator - Adding resource folder /greeting-service/src/main/resources
2025-09-24 12:26:45,623 [Worker-1: Update Maven projects configuration] INFO  o.e.m.j.i.AbstractJavaProjectConfigurator - Adding resource folder /greeting-service/src/main/resources
2025-09-24 12:26:45,625 [Worker-1: Update Maven projects configuration] INFO  o.e.m.j.i.AbstractJavaProjectConfigurator - Adding source folder /greeting-service/src/test/java
2025-09-24 12:26:45,627 [Worker-1: Update Maven projects configuration] INFO  o.e.m.j.i.AbstractJavaProjectConfigurator - Adding resource folder /greeting-service/src/test/resources
2025-09-24 12:26:46,540 [Worker-0: Building] INFO  o.a.m.s.f.DefaultMavenResourcesFiltering - Copying 1 resource from src\main\resources to target\classes
2025-09-24 12:26:46,570 [Worker-0: Building] INFO  o.a.m.s.f.DefaultMavenResourcesFiltering - Copying 2 resources from src\main\resources to target\classes
2025-09-24 12:26:46,584 [Worker-0: Building] INFO  o.a.m.s.f.DefaultMavenResourcesFiltering - skip non existing resourceDirectory C:\Users\josim\OneDrive\Área de Trabalho\luci-atividade\microservices-java\currency-service\src\test\resources
2025-09-24 12:26:46,799 [Worker-1: Update Maven projects configuration] INFO  o.e.m.j.i.AbstractJavaProjectConfigurator - Adding source folder /config-service/src/main/java
2025-09-24 12:26:46,801 [Worker-1: Update Maven projects configuration] INFO  o.e.m.j.i.AbstractJavaProjectConfigurator - Adding resource folder /config-service/src/main/resources
2025-09-24 12:26:46,812 [Worker-1: Update Maven projects configuration] INFO  o.e.m.j.i.AbstractJavaProjectConfigurator - Adding resource folder /config-service/src/main/resources
2025-09-24 12:26:46,819 [Worker-1: Update Maven projects configuration] INFO  o.e.m.j.i.AbstractJavaProjectConfigurator - Adding source folder /config-service/src/test/java
2025-09-24 12:26:46,820 [Worker-1: Update Maven projects configuration] INFO  o.e.m.j.i.AbstractJavaProjectConfigurator - Adding resource folder /config-service/src/test/resources
2025-09-24 12:26:47,545 [Worker-10: Building] INFO  o.a.m.s.f.DefaultMavenResourcesFiltering - Copying 1 resource from src\main\resources to target\classes
2025-09-24 12:26:47,568 [Worker-10: Building] INFO  o.a.m.s.f.DefaultMavenResourcesFiltering - Copying 0 resource from src\main\resources to target\classes
2025-09-24 12:26:47,579 [Worker-10: Building] INFO  o.a.m.s.f.DefaultMavenResourcesFiltering - skip non existing resourceDirectory C:\Users\josim\OneDrive\Área de Trabalho\luci-atividade\microservices-java\config-service\src\test\resources
2025-09-24 12:26:47,750 [Worker-1: Update Maven projects configuration] INFO  o.e.m.c.i.p.ProjectConfigurationManager - Update completed for 3 poms: local refresh takes 0,00 sec, refresh facades takes 3,00 sec, update config takes 3,00 sec 
2025-09-24 12:26:48,123 [Worker-6: Building] INFO  o.a.m.s.f.DefaultMavenResourcesFiltering - Copying 1 resource from src\main\resources to target\classes
2025-09-24 12:26:48,128 [Worker-6: Building] INFO  o.a.m.s.f.DefaultMavenResourcesFiltering - Copying 0 resource from src\main\resources to target\classes
2025-09-24 12:26:48,136 [Worker-6: Building] INFO  o.a.m.s.f.DefaultMavenResourcesFiltering - skip non existing resourceDirectory C:\Users\josim\OneDrive\Área de Trabalho\luci-atividade\microservices-java\config-service\src\test\resources
2025-09-24 12:26:48,643 [Worker-6: Building] INFO  o.a.m.s.f.DefaultMavenResourcesFiltering - Copying 1 resource from src\main\resources to target\classes
2025-09-24 12:26:48,664 [Worker-6: Building] INFO  o.a.m.s.f.DefaultMavenResourcesFiltering - Copying 0 resource from src\main\resources to target\classes
2025-09-24 12:26:48,672 [Worker-6: Building] INFO  o.a.m.s.f.DefaultMavenResourcesFiltering - skip non existing resourceDirectory C:\Users\josim\OneDrive\Área de Trabalho\luci-atividade\microservices-java\greeting-service\src\test\resources
2025-09-24 12:28:17,288 [Worker-8: Building] INFO  o.a.m.s.f.DefaultMavenResourcesFiltering - Copying 1 resource from src\main\resources to target\classes
2025-09-24 12:28:17,301 [Worker-8: Building] INFO  o.a.m.s.f.DefaultMavenResourcesFiltering - Copying 0 resource from src\main\resources to target\classes
2025-09-24 12:28:17,307 [Worker-8: Building] INFO  o.a.m.s.f.DefaultMavenResourcesFiltering - skip non existing resourceDirectory C:\Users\josim\OneDrive\Área de Trabalho\luci-atividade\microservices-java\currency-service\src\test\resources
